
*** Running vivado
    with args -log singleCycCompTop.vdi -applog -m64 -product Vivado -messageDb vivado.pb -mode batch -source singleCycCompTop.tcl -notrace


****** Vivado v2018.2 (64-bit)
  **** SW Build 2258646 on Thu Jun 14 20:03:12 MDT 2018
  **** IP Build 2256618 on Thu Jun 14 22:10:49 MDT 2018
    ** Copyright 1986-2018 Xilinx, Inc. All Rights Reserved.

source singleCycCompTop.tcl -notrace
Command: link_design -top singleCycCompTop -part xc7z020clg400-1
Design is defaulting to srcset: sources_1
Design is defaulting to constrset: constrs_1
INFO: [Netlist 29-17] Analyzing 1986 Unisim elements for replacement
INFO: [Netlist 29-28] Unisim Transformation completed in 1 CPU seconds
INFO: [Project 1-479] Netlist was created with Vivado 2018.2
INFO: [Device 21-403] Loading part xc7z020clg400-1
INFO: [Project 1-570] Preparing netlist for logic optimization
INFO: [Project 1-111] Unisim Transformation Summary:
No Unisim elements were transformed.

6 Infos, 0 Warnings, 0 Critical Warnings and 0 Errors encountered.
link_design completed successfully
link_design: Time (s): cpu = 00:00:21 ; elapsed = 00:00:25 . Memory (MB): peak = 606.227 ; gain = 354.863
Command: opt_design
Attempting to get a license for feature 'Implementation' and/or device 'xc7z020'
INFO: [Common 17-349] Got license for feature 'Implementation' and/or device 'xc7z020'
Running DRC as a precondition to command opt_design

Starting DRC Task
INFO: [DRC 23-27] Running DRC with 2 threads
INFO: [Project 1-461] DRC finished with 0 Errors
INFO: [Project 1-462] Please refer to the DRC report (report_drc) for more information.

Time (s): cpu = 00:00:04 ; elapsed = 00:00:03 . Memory (MB): peak = 617.813 ; gain = 11.586

Starting Cache Timing Information Task
INFO: [Timing 38-35] Done setting XDC timing constraints.
Ending Cache Timing Information Task | Checksum: 13101d533

Time (s): cpu = 00:00:34 ; elapsed = 00:00:39 . Memory (MB): peak = 1175.188 ; gain = 557.375

Starting Logic Optimization Task

Phase 1 Retarget
INFO: [Opt 31-138] Pushed 0 inverter(s) to 0 load pin(s).
INFO: [Opt 31-49] Retargeted 0 cell(s).
Phase 1 Retarget | Checksum: 67c7397e

Time (s): cpu = 00:00:04 ; elapsed = 00:00:03 . Memory (MB): peak = 1175.188 ; gain = 0.000
INFO: [Opt 31-389] Phase Retarget created 0 cells and removed 0 cells

Phase 2 Constant propagation
INFO: [Opt 31-138] Pushed 0 inverter(s) to 0 load pin(s).
Phase 2 Constant propagation | Checksum: d46107a0

Time (s): cpu = 00:00:04 ; elapsed = 00:00:04 . Memory (MB): peak = 1175.188 ; gain = 0.000
INFO: [Opt 31-389] Phase Constant propagation created 0 cells and removed 0 cells

Phase 3 Sweep
Phase 3 Sweep | Checksum: 33f11417

Time (s): cpu = 00:00:05 ; elapsed = 00:00:04 . Memory (MB): peak = 1175.188 ; gain = 0.000
INFO: [Opt 31-389] Phase Sweep created 0 cells and removed 0 cells

Phase 4 BUFG optimization
Phase 4 BUFG optimization | Checksum: 33f11417

Time (s): cpu = 00:00:06 ; elapsed = 00:00:05 . Memory (MB): peak = 1175.188 ; gain = 0.000
INFO: [Opt 31-662] Phase BUFG optimization created 0 cells of which 0 are BUFGs and removed 0 cells.

Phase 5 Shift Register Optimization
Phase 5 Shift Register Optimization | Checksum: 1095d0a4e

Time (s): cpu = 00:00:07 ; elapsed = 00:00:06 . Memory (MB): peak = 1175.188 ; gain = 0.000
INFO: [Opt 31-389] Phase Shift Register Optimization created 0 cells and removed 0 cells

Phase 6 Post Processing Netlist
Phase 6 Post Processing Netlist | Checksum: 1095d0a4e

Time (s): cpu = 00:00:07 ; elapsed = 00:00:06 . Memory (MB): peak = 1175.188 ; gain = 0.000
INFO: [Opt 31-389] Phase Post Processing Netlist created 0 cells and removed 0 cells

Starting Connectivity Check Task

Time (s): cpu = 00:00:00 ; elapsed = 00:00:00.079 . Memory (MB): peak = 1175.188 ; gain = 0.000
Ending Logic Optimization Task | Checksum: 1095d0a4e

Time (s): cpu = 00:00:07 ; elapsed = 00:00:06 . Memory (MB): peak = 1175.188 ; gain = 0.000

Starting Power Optimization Task
INFO: [Pwropt 34-132] Skipping clock gating for clocks with a period < 2.00 ns.
Ending Power Optimization Task | Checksum: 1095d0a4e

Time (s): cpu = 00:00:00 ; elapsed = 00:00:00.159 . Memory (MB): peak = 1175.188 ; gain = 0.000

Starting Final Cleanup Task
Ending Final Cleanup Task | Checksum: 1095d0a4e

Time (s): cpu = 00:00:00 ; elapsed = 00:00:00 . Memory (MB): peak = 1175.188 ; gain = 0.000
INFO: [Common 17-83] Releasing license: Implementation
22 Infos, 0 Warnings, 0 Critical Warnings and 0 Errors encountered.
opt_design completed successfully
opt_design: Time (s): cpu = 00:00:45 ; elapsed = 00:00:49 . Memory (MB): peak = 1175.188 ; gain = 568.961
WARNING: [Constraints 18-5210] No constraint will be written out.
INFO: [Common 17-1381] The checkpoint 'C:/Users/user/Desktop/Everyhting/College/4th_Year/FYP/RISC-V-FYP/RISCV_Top/vhdl/xilinxprj/RISCV.runs/impl_1/singleCycCompTop_opt.dcp' has been generated.
INFO: [runtcl-4] Executing : report_drc -file singleCycCompTop_drc_opted.rpt -pb singleCycCompTop_drc_opted.pb -rpx singleCycCompTop_drc_opted.rpx
Command: report_drc -file singleCycCompTop_drc_opted.rpt -pb singleCycCompTop_drc_opted.pb -rpx singleCycCompTop_drc_opted.rpx
INFO: [IP_Flow 19-234] Refreshing IP repositories
INFO: [IP_Flow 19-1704] No user IP repositories specified
INFO: [IP_Flow 19-2313] Loaded Vivado IP repository 'C:/Xilinx/Vivado/2018.2/data/ip'.
INFO: [DRC 23-27] Running DRC with 2 threads
INFO: [Coretcl 2-168] The results of DRC are in file C:/Users/user/Desktop/Everyhting/College/4th_Year/FYP/RISC-V-FYP/RISCV_Top/vhdl/xilinxprj/RISCV.runs/impl_1/singleCycCompTop_drc_opted.rpt.
report_drc completed successfully
report_drc: Time (s): cpu = 00:00:18 ; elapsed = 00:00:14 . Memory (MB): peak = 1175.188 ; gain = 0.000
Command: place_design
Attempting to get a license for feature 'Implementation' and/or device 'xc7z020'
INFO: [Common 17-349] Got license for feature 'Implementation' and/or device 'xc7z020'
INFO: [DRC 23-27] Running DRC with 2 threads
INFO: [Vivado_Tcl 4-198] DRC finished with 0 Errors
INFO: [Vivado_Tcl 4-199] Please refer to the DRC report (report_drc) for more information.
Running DRC as a precondition to command place_design
INFO: [DRC 23-27] Running DRC with 2 threads
INFO: [Vivado_Tcl 4-198] DRC finished with 0 Errors
INFO: [Vivado_Tcl 4-199] Please refer to the DRC report (report_drc) for more information.

Starting Placer Task
INFO: [Place 30-611] Multithreading enabled for place_design using a maximum of 2 CPUs

Phase 1 Placer Initialization

Phase 1.1 Placer Initialization Netlist Sorting
Netlist sorting complete. Time (s): cpu = 00:00:00 ; elapsed = 00:00:00.038 . Memory (MB): peak = 1175.188 ; gain = 0.000
Phase 1.1 Placer Initialization Netlist Sorting | Checksum: 49702017

Time (s): cpu = 00:00:00 ; elapsed = 00:00:00.253 . Memory (MB): peak = 1175.188 ; gain = 0.000
Netlist sorting complete. Time (s): cpu = 00:00:00 ; elapsed = 00:00:00.038 . Memory (MB): peak = 1175.188 ; gain = 0.000

Phase 1.2 IO Placement/ Clock Placement/ Build Placer Device
ERROR: [Place 30-415] IO Placement failed due to overutilization. This design contains 788 I/O ports
 while the target  device: 7z020 package: clg400, contains only 255 available user I/O. The target device has 255 usable I/O pins of which 0 are already occupied by user-locked I/Os.
 To rectify this issue:
 1. Ensure you are targeting the correct device and package.  Select a larger device or different package if necessary.
 2. Check the top-level ports of the design to ensure the correct number of ports are specified.
 3. Consider design changes to reduce the number of I/Os necessary.
INFO: [Timing 38-35] Done setting XDC timing constraints.
ERROR: [Place 30-68] Instance breakDatOut_OBUF[0]_inst (OBUF) is not placed
ERROR: [Place 30-68] Instance breakDatOut_OBUF[10]_inst (OBUF) is not placed
ERROR: [Place 30-68] Instance breakDatOut_OBUF[11]_inst (OBUF) is not placed
ERROR: [Place 30-68] Instance breakDatOut_OBUF[12]_inst (OBUF) is not placed
ERROR: [Place 30-68] Instance breakDatOut_OBUF[13]_inst (OBUF) is not placed
ERROR: [Place 30-68] Instance breakDatOut_OBUF[14]_inst (OBUF) is not placed
ERROR: [Place 30-68] Instance breakDatOut_OBUF[15]_inst (OBUF) is not placed
ERROR: [Place 30-68] Instance breakDatOut_OBUF[16]_inst (OBUF) is not placed
ERROR: [Place 30-68] Instance breakDatOut_OBUF[17]_inst (OBUF) is not placed
ERROR: [Place 30-68] Instance breakDatOut_OBUF[18]_inst (OBUF) is not placed
ERROR: [Place 30-68] Instance breakDatOut_OBUF[19]_inst (OBUF) is not placed
ERROR: [Place 30-68] Instance breakDatOut_OBUF[1]_inst (OBUF) is not placed
ERROR: [Place 30-68] Instance breakDatOut_OBUF[20]_inst (OBUF) is not placed
ERROR: [Place 30-68] Instance breakDatOut_OBUF[21]_inst (OBUF) is not placed
ERROR: [Place 30-68] Instance breakDatOut_OBUF[22]_inst (OBUF) is not placed
ERROR: [Place 30-68] Instance breakDatOut_OBUF[23]_inst (OBUF) is not placed
ERROR: [Place 30-68] Instance breakDatOut_OBUF[24]_inst (OBUF) is not placed
ERROR: [Place 30-68] Instance breakDatOut_OBUF[25]_inst (OBUF) is not placed
ERROR: [Place 30-68] Instance breakDatOut_OBUF[26]_inst (OBUF) is not placed
ERROR: [Place 30-68] Instance breakDatOut_OBUF[27]_inst (OBUF) is not placed
ERROR: [Place 30-68] Instance breakDatOut_OBUF[28]_inst (OBUF) is not placed
ERROR: [Place 30-68] Instance breakDatOut_OBUF[29]_inst (OBUF) is not placed
ERROR: [Place 30-68] Instance breakDatOut_OBUF[2]_inst (OBUF) is not placed
ERROR: [Place 30-68] Instance breakDatOut_OBUF[30]_inst (OBUF) is not placed
ERROR: [Place 30-68] Instance breakDatOut_OBUF[31]_inst (OBUF) is not placed
ERROR: [Place 30-68] Instance breakDatOut_OBUF[32]_inst (OBUF) is not placed
ERROR: [Place 30-68] Instance breakDatOut_OBUF[3]_inst (OBUF) is not placed
ERROR: [Place 30-68] Instance breakDatOut_OBUF[4]_inst (OBUF) is not placed
ERROR: [Place 30-68] Instance breakDatOut_OBUF[5]_inst (OBUF) is not placed
ERROR: [Place 30-68] Instance breakDatOut_OBUF[6]_inst (OBUF) is not placed
ERROR: [Place 30-68] Instance breakDatOut_OBUF[7]_inst (OBUF) is not placed
ERROR: [Place 30-68] Instance breakDatOut_OBUF[8]_inst (OBUF) is not placed
ERROR: [Place 30-68] Instance breakDatOut_OBUF[9]_inst (OBUF) is not placed
ERROR: [Place 30-68] Instance break_OBUF_inst (OBUF) is not placed
ERROR: [Place 30-68] Instance clk_IBUF_BUFG_inst (BUFG) is not placed
ERROR: [Place 30-68] Instance clk_IBUF_inst (IBUF) is not placed
ERROR: [Place 30-68] Instance debugInstruction_IBUF[0]_inst (IBUF) is not placed
ERROR: [Place 30-68] Instance debugInstruction_IBUF[10]_inst (IBUF) is not placed
ERROR: [Place 30-68] Instance debugInstruction_IBUF[11]_inst (IBUF) is not placed
ERROR: [Place 30-68] Instance debugInstruction_IBUF[12]_inst (IBUF) is not placed
ERROR: [Place 30-68] Instance debugInstruction_IBUF[13]_inst (IBUF) is not placed
ERROR: [Place 30-68] Instance debugInstruction_IBUF[14]_inst (IBUF) is not placed
ERROR: [Place 30-68] Instance debugInstruction_IBUF[15]_inst (IBUF) is not placed
ERROR: [Place 30-68] Instance debugInstruction_IBUF[16]_inst (IBUF) is not placed
ERROR: [Place 30-68] Instance debugInstruction_IBUF[17]_inst (IBUF) is not placed
ERROR: [Place 30-68] Instance debugInstruction_IBUF[18]_inst (IBUF) is not placed
ERROR: [Place 30-68] Instance debugInstruction_IBUF[19]_inst (IBUF) is not placed
ERROR: [Place 30-68] Instance debugInstruction_IBUF[1]_inst (IBUF) is not placed
ERROR: [Place 30-68] Instance debugInstruction_IBUF[20]_inst (IBUF) is not placed
ERROR: [Place 30-68] Instance debugInstruction_IBUF[21]_inst (IBUF) is not placed
ERROR: [Place 30-68] Instance debugInstruction_IBUF[22]_inst (IBUF) is not placed
ERROR: [Place 30-68] Instance debugInstruction_IBUF[23]_inst (IBUF) is not placed
ERROR: [Place 30-68] Instance debugInstruction_IBUF[24]_inst (IBUF) is not placed
ERROR: [Place 30-68] Instance debugInstruction_IBUF[25]_inst (IBUF) is not placed
ERROR: [Place 30-68] Instance debugInstruction_IBUF[26]_inst (IBUF) is not placed
ERROR: [Place 30-68] Instance debugInstruction_IBUF[27]_inst (IBUF) is not placed
ERROR: [Place 30-68] Instance debugInstruction_IBUF[28]_inst (IBUF) is not placed
ERROR: [Place 30-68] Instance debugInstruction_IBUF[29]_inst (IBUF) is not placed
ERROR: [Place 30-68] Instance debugInstruction_IBUF[2]_inst (IBUF) is not placed
ERROR: [Place 30-68] Instance debugInstruction_IBUF[30]_inst (IBUF) is not placed
ERROR: [Place 30-68] Instance debugInstruction_IBUF[31]_inst (IBUF) is not placed
ERROR: [Place 30-68] Instance debugInstruction_IBUF[3]_inst (IBUF) is not placed
ERROR: [Place 30-68] Instance debugInstruction_IBUF[4]_inst (IBUF) is not placed
ERROR: [Place 30-68] Instance debugInstruction_IBUF[5]_inst (IBUF) is not placed
ERROR: [Place 30-68] Instance debugInstruction_IBUF[6]_inst (IBUF) is not placed
ERROR: [Place 30-68] Instance debugInstruction_IBUF[7]_inst (IBUF) is not placed
ERROR: [Place 30-68] Instance debugInstruction_IBUF[8]_inst (IBUF) is not placed
ERROR: [Place 30-68] Instance debugInstruction_IBUF[9]_inst (IBUF) is not placed
ERROR: [Place 30-68] Instance hostCtrlDataAndStackMem_DatArrayOut_OBUF[0]_inst (OBUFT) is not placed
ERROR: [Place 30-68] Instance hostCtrlDataAndStackMem_DatArrayOut_OBUF[100]_inst (OBUFT) is not placed
ERROR: [Place 30-68] Instance hostCtrlDataAndStackMem_DatArrayOut_OBUF[101]_inst (OBUFT) is not placed
ERROR: [Place 30-68] Instance hostCtrlDataAndStackMem_DatArrayOut_OBUF[102]_inst (OBUFT) is not placed
ERROR: [Place 30-68] Instance hostCtrlDataAndStackMem_DatArrayOut_OBUF[103]_inst (OBUFT) is not placed
ERROR: [Place 30-68] Instance hostCtrlDataAndStackMem_DatArrayOut_OBUF[104]_inst (OBUFT) is not placed
ERROR: [Place 30-68] Instance hostCtrlDataAndStackMem_DatArrayOut_OBUF[105]_inst (OBUFT) is not placed
ERROR: [Place 30-68] Instance hostCtrlDataAndStackMem_DatArrayOut_OBUF[106]_inst (OBUFT) is not placed
ERROR: [Place 30-68] Instance hostCtrlDataAndStackMem_DatArrayOut_OBUF[107]_inst (OBUFT) is not placed
ERROR: [Place 30-68] Instance hostCtrlDataAndStackMem_DatArrayOut_OBUF[108]_inst (OBUFT) is not placed
ERROR: [Place 30-68] Instance hostCtrlDataAndStackMem_DatArrayOut_OBUF[109]_inst (OBUFT) is not placed
ERROR: [Place 30-68] Instance hostCtrlDataAndStackMem_DatArrayOut_OBUF[10]_inst (OBUFT) is not placed
ERROR: [Place 30-68] Instance hostCtrlDataAndStackMem_DatArrayOut_OBUF[110]_inst (OBUFT) is not placed
ERROR: [Place 30-68] Instance hostCtrlDataAndStackMem_DatArrayOut_OBUF[111]_inst (OBUFT) is not placed
ERROR: [Place 30-68] Instance hostCtrlDataAndStackMem_DatArrayOut_OBUF[112]_inst (OBUFT) is not placed
ERROR: [Place 30-68] Instance hostCtrlDataAndStackMem_DatArrayOut_OBUF[113]_inst (OBUFT) is not placed
ERROR: [Place 30-68] Instance hostCtrlDataAndStackMem_DatArrayOut_OBUF[114]_inst (OBUFT) is not placed
ERROR: [Place 30-68] Instance hostCtrlDataAndStackMem_DatArrayOut_OBUF[115]_inst (OBUFT) is not placed
ERROR: [Place 30-68] Instance hostCtrlDataAndStackMem_DatArrayOut_OBUF[116]_inst (OBUFT) is not placed
ERROR: [Place 30-68] Instance hostCtrlDataAndStackMem_DatArrayOut_OBUF[117]_inst (OBUFT) is not placed
ERROR: [Place 30-68] Instance hostCtrlDataAndStackMem_DatArrayOut_OBUF[118]_inst (OBUFT) is not placed
ERROR: [Place 30-68] Instance hostCtrlDataAndStackMem_DatArrayOut_OBUF[119]_inst (OBUFT) is not placed
ERROR: [Place 30-68] Instance hostCtrlDataAndStackMem_DatArrayOut_OBUF[11]_inst (OBUFT) is not placed
ERROR: [Place 30-68] Instance hostCtrlDataAndStackMem_DatArrayOut_OBUF[120]_inst (OBUFT) is not placed
ERROR: [Place 30-68] Instance hostCtrlDataAndStackMem_DatArrayOut_OBUF[121]_inst (OBUFT) is not placed
ERROR: [Place 30-68] Instance hostCtrlDataAndStackMem_DatArrayOut_OBUF[122]_inst (OBUFT) is not placed
ERROR: [Place 30-68] Instance hostCtrlDataAndStackMem_DatArrayOut_OBUF[123]_inst (OBUFT) is not placed
ERROR: [Place 30-68] Instance hostCtrlDataAndStackMem_DatArrayOut_OBUF[124]_inst (OBUFT) is not placed
ERROR: [Place 30-68] Instance hostCtrlDataAndStackMem_DatArrayOut_OBUF[125]_inst (OBUFT) is not placed
ERROR: [Place 30-68] Instance hostCtrlDataAndStackMem_DatArrayOut_OBUF[126]_inst (OBUFT) is not placed
ERROR: [Place 30-68] Instance hostCtrlDataAndStackMem_DatArrayOut_OBUF[127]_inst (OBUFT) is not placed
ERROR: [Place 30-68] Instance hostCtrlDataAndStackMem_DatArrayOut_OBUF[128]_inst (OBUFT) is not placed
INFO: [Common 17-14] Message 'Place 30-68' appears 100 times and further instances of the messages will be disabled. Use the Tcl command set_msg_config to change the current settings.
Phase 1.2 IO Placement/ Clock Placement/ Build Placer Device | Checksum: 615f4f88

Time (s): cpu = 00:00:12 ; elapsed = 00:00:09 . Memory (MB): peak = 1179.887 ; gain = 4.699
Phase 1 Placer Initialization | Checksum: 615f4f88

Time (s): cpu = 00:00:12 ; elapsed = 00:00:09 . Memory (MB): peak = 1179.887 ; gain = 4.699
ERROR: [Place 30-99] Placer failed with error: 'IO Clock Placer failed'
Please review all ERROR, CRITICAL WARNING, and WARNING messages during placement to understand the cause for failure.
Ending Placer Task | Checksum: 615f4f88

Time (s): cpu = 00:00:12 ; elapsed = 00:00:09 . Memory (MB): peak = 1179.887 ; gain = 4.699
INFO: [Common 17-83] Releasing license: Implementation
40 Infos, 1 Warnings, 0 Critical Warnings and 103 Errors encountered.
place_design failed
ERROR: [Common 17-69] Command failed: Placer could not place all instances
INFO: [Common 17-206] Exiting Vivado at Fri Mar 15 12:50:13 2019...
