#-----------------------------------------------------------
# Vivado v2018.2 (64-bit)
# SW Build 2258646 on Thu Jun 14 20:03:12 MDT 2018
# IP Build 2256618 on Thu Jun 14 22:10:49 MDT 2018
# Start of session at: Thu Jan 17 11:29:56 2019
# Process ID: 9324
# Current directory: C:/Users/user/Desktop/Everyhting/College/4th Year/FYP/RISCV_Top
# Command line: vivado.exe -gui_launcher_event rodinguilauncherevent4920 C:\Users\user\Desktop\Everyhting\College\4th Year\FYP\RISCV_Top\RISC-V.xpr
# Log file: C:/Users/user/Desktop/Everyhting/College/4th Year/FYP/RISCV_Top/vivado.log
# Journal file: C:/Users/user/Desktop/Everyhting/College/4th Year/FYP/RISCV_Top\vivado.jou
#-----------------------------------------------------------
start_gui
open_project {C:/Users/user/Desktop/Everyhting/College/4th Year/FYP/RISCV_Top/RISC-V.xpr}
Scanning sources...
Finished scanning sources
INFO: [IP_Flow 19-234] Refreshing IP repositories
INFO: [IP_Flow 19-1704] No user IP repositories specified
INFO: [IP_Flow 19-2313] Loaded Vivado IP repository 'C:/Xilinx/Vivado/2018.2/data/ip'.
open_project: Time (s): cpu = 00:00:37 ; elapsed = 00:00:36 . Memory (MB): peak = 731.254 ; gain = 73.762
update_compile_order -fileset sources_1
export_ip_user_files -of_objects  [get_files {{C:/Users/user/Desktop/Everyhting/College/4th Year/FYP/RISCV_Top/RISC-V.srcs/sources_1/new/RISCV_Debug.vhd}}] -no_script -reset -force -quiet
remove_files  {{C:/Users/user/Desktop/Everyhting/College/4th Year/FYP/RISCV_Top/RISC-V.srcs/sources_1/new/RISCV_Debug.vhd}}
set_property top RISCV_Top [current_fileset]
update_compile_order -fileset sources_1
import_files
INFO: [filemgmt 20-334] All file(s) are already imported in fileset: 'constrs_1'
INFO: [filemgmt 20-348] Importing the appropriate files for fileset: 'constrs_1'
INFO: [filemgmt 20-348] Importing the appropriate files for fileset: 'sources_1'
update_files -from_files {{C:/Users/user/Desktop/Everyhting/College/4th Year/FYP/RISCV_MEM/RISCV_MEM.srcs/sources_1/imports/new/RISCV_MEM.vhd}} -to_files {{C:/Users/user/Desktop/Everyhting/College/4th Year/FYP/RISCV_Top/RISC-V.srcs/sources_1/new/RISCV_MEM.vhd}} -filesets [get_filesets *]
INFO: [filemgmt 20-762] Replacing file 'C:/Users/user/Desktop/Everyhting/College/4th Year/FYP/RISCV_Top/RISC-V.srcs/sources_1/new/RISCV_MEM.vhd' with file 'C:/Users/user/Desktop/Everyhting/College/4th Year/FYP/RISCV_MEM/RISCV_MEM.srcs/sources_1/imports/new/RISCV_MEM.vhd'.
